[2026-05-26 16:00:37] [TRACE]   [OmnipathR] Reading JSON from `/home/MMB/.cache/OmnipathR/cache.json` (encoding: UTF-8).
[2026-05-26 16:00:37] [TRACE]   [OmnipathR] JSON validation successful: TRUE
[2026-05-26 16:00:37] [INFO]    [OmnipathR] Initialized cache: `/home/MMB/.cache/OmnipathR`.
[2026-05-26 16:00:37] [INFO]    [OmnipathR] Package `OmnipathR` packaged: 2026-01-30 01:23:45 UTC; biocbuild
[2026-05-26 16:00:37] [INFO]    [OmnipathR] Package `OmnipathR` date/publication: 2026-01-29
[2026-05-26 16:00:37] [INFO]    [OmnipathR] Package `OmnipathR` built: R 4.5.0; ; 2026-04-06 06:08:44 UTC; unix
[2026-05-26 16:00:37] [INFO]    [OmnipathR] Package `OmnipathR` version: 3.18.4
[2026-05-26 16:00:37] [INFO]    [OmnipathR] Package `OmnipathR` repository: Bioconductor 3.22
[2026-05-26 16:00:38] [INFO]    [OmnipathR] Session info: [version=R version 4.5.0 (2025-04-11); os=Debian GNU/Linux 13 (trixie); system=x86_64, linux-gnu; ui=X11; language=(EN); collate=en_US.UTF-8; ctype=en_US.UTF-8; tz=Asia/Seoul; date=2026-05-26; pandoc=3.1.11.1 @ /usr/bin/ (via rmarkdown); quarto=NA]
[2026-05-26 16:00:39] [INFO]    [OmnipathR] External libraries: [cairo=1.18.4; cairoFT=; pango=1.56.3; png=1.6.48; jpeg=6.2; tiff=LIBTIFF, Version 4.7.0; tcl=8.6.16; curl=8.14.1; zlib=1.3.1; bzlib=1.0.8, 13-Jul-2019; xz=5.8.1; deflate=1.23; PCRE=10.46 2025-08-27; ICU=76.1; TRE=TRE 0.8.0 R_fixes (BSD); iconv=glibc 2.41; readline=8.2; BLAS=/usr/lib/x86_64-linux-gnu/blas/libblas.so.3.12.1; lapack=/usr/lib/x86_64-linux-gnu/lapack/liblapack.so.3.12.1; lapack_version=3.12.0]
[2026-05-26 16:00:39] [INFO]    [OmnipathR] Loaded packages: backports 1.5.1(2026-04-03); BiocParallel 1.44.0(2025-10-29); bit 4.6.0(2025-03-06); bit64 4.8.0(2026-04-21); blob 1.3.0(2026-01-14); cachem 1.1.0(2024-05-16); cellranger 1.1.0(2016-07-27); checkmate 2.3.4(2026-02-03); cli 3.6.6(2026-04-09); codetools 0.2-20(2024-03-31); crayon 1.5.3(2024-06-20); curl 7.1.0(2026-04-22); DBI 1.3.0(2026-02-25); decoupleR 2.16.0(2025-10-29); digest 0.6.39(2025-11-19); dplyr 1.2.1(2026-04-03); evaluate 1.0.5(2025-08-27); fastmap 1.2.0(2024-05-15); fs 2.1.0(2026-04-18); generics 0.1.4(2025-05-09); glue 1.8.1(2026-04-17); hms 1.1.4(2025-10-17); htmltools 0.5.9(2025-12-04); httr 1.4.8(2026-02-13); httr2 1.2.2(2025-12-08); igraph 2.3.1(2026-05-04); jsonlite 2.0.0(2025-03-27); knitr 1.51(2025-12-20); later 1.4.8(2026-03-05); lattice 0.22-9(2026-02-09); lifecycle 1.0.5(2026-01-08); logger 0.4.2(2026-05-10); lubridate 1.9.5(2026-02-04); magrittr 2.0.5(2026-04-04); Matrix 1.7-3(NA); memoise 2.0.1(2021-11-26); OmnipathR 3.18.4(2026-01-29); otel 0.2.0(2025-08-29); parallelly 1.47.0(2026-04-17); pillar 1.11.1(2025-09-17); pkgconfig 2.0.3(2019-09-22); prettyunits 1.2.0(2023-09-24); progress 1.2.3(2023-12-06); purrr 1.2.2(2026-04-10); R.methodsS3 1.8.2(2022-06-13); R.oo 1.27.1(2025-05-02); R.utils 2.13.0(2025-02-24); R6 2.6.1(2025-02-15); rappdirs 0.3.4(2026-01-17); Rcpp 1.1.1-1.1(2026-04-24); readr 2.2.0(2026-02-19); readxl 1.4.5(2025-03-07); rlang 1.2.0(2026-04-06); rmarkdown 2.31(2026-03-26); RSQLite 3.52.0(2026-05-10); rvest 1.0.5(2025-08-29); sessioninfo 1.2.3(2025-02-05); stringi 1.8.7(2025-03-27); stringr 1.6.0(2025-11-04); tibble 3.3.1(2026-01-11); tidyr 1.3.2(2025-12-19); tidyselect 1.2.1(2024-03-11); timechange 0.4.0(2026-01-29); tzdb 0.5.0(2025-03-15); vctrs 0.7.3(2026-04-11); withr 3.0.2(2024-10-28); xfun 0.57(2026-03-20); XML 3.99-0.23(2026-03-20); xml2 1.5.2(2026-01-17); yaml 2.3.12(2025-12-10); zip 2.3.3(2025-05-13)
[2026-05-26 16:00:39] [INFO]    [OmnipathR] CURL: version: 8.14.1; headers: 8.14.1; ssl_version: OpenSSL/3.5.5; libz_version: 1.3.1; libssh_version: libssh2/1.11.1; libidn_version: 2.3.8; host: x86_64-pc-linux-gnu; protocols: dict, file, ftp, ftps, gopher, gophers, http, https, imap, imaps, ldap, ldaps, mqtt, pop3, pop3s, rtmp, rtmpe, rtmps, rtmpt, rtmpte, rtmpts, rtsp, scp, sftp, smb, smbs, smtp, smtps, telnet, tftp, ws, wss; ipv6: TRUE; http2: TRUE; idn: TRUE; url_parser: TRUE
[2026-05-26 16:00:39] [TRACE]   [OmnipathR] Reading JSON from `/home/MMB/R/x86_64-pc-linux-gnu-library/4.5/OmnipathR/db/db_def.json` (encoding: UTF-8).
[2026-05-26 16:00:39] [TRACE]   [OmnipathR] JSON validation successful: TRUE
[2026-05-26 16:00:39] [TRACE]   [OmnipathR] Reading JSON from `/home/MMB/R/x86_64-pc-linux-gnu-library/4.5/OmnipathR/internal/magic_bytes.json` (encoding: UTF-8).
[2026-05-26 16:00:39] [TRACE]   [OmnipathR] JSON validation successful: TRUE
[2026-05-26 16:00:39] [TRACE]   [OmnipathR] Reading JSON from `/home/MMB/R/x86_64-pc-linux-gnu-library/4.5/OmnipathR/internal/urls.json` (encoding: UTF-8).
[2026-05-26 16:00:39] [TRACE]   [OmnipathR] JSON validation successful: TRUE
[2026-05-26 16:00:39] [TRACE]   [OmnipathR] Reading JSON from `/home/MMB/R/x86_64-pc-linux-gnu-library/4.5/OmnipathR/internal/id_types.json` (encoding: UTF-8).
[2026-05-26 16:00:39] [TRACE]   [OmnipathR] JSON validation successful: TRUE
