[2026-06-25 10:54:22] [TRACE]   [OmnipathR] Reading JSON from `/home/MMB/.cache/OmnipathR/cache.json` (encoding: UTF-8).
[2026-06-25 10:54:22] [TRACE]   [OmnipathR] JSON validation successful: TRUE
[2026-06-25 10:54:22] [INFO]    [OmnipathR] Initialized cache: `/home/MMB/.cache/OmnipathR`.
[2026-06-25 10:54:22] [INFO]    [OmnipathR] Package `OmnipathR` packaged: 2026-01-30 01:23:45 UTC; biocbuild
[2026-06-25 10:54:22] [INFO]    [OmnipathR] Package `OmnipathR` date/publication: 2026-01-29
[2026-06-25 10:54:22] [INFO]    [OmnipathR] Package `OmnipathR` built: R 4.5.0; ; 2026-03-25 16:55:02 UTC; unix
[2026-06-25 10:54:22] [INFO]    [OmnipathR] Package `OmnipathR` version: 3.18.4
[2026-06-25 10:54:22] [INFO]    [OmnipathR] Package `OmnipathR` repository: Bioconductor 3.22
[2026-06-25 10:54:22] [INFO]    [OmnipathR] Session info: [version=R version 4.5.0 (2025-04-11); os=Debian GNU/Linux 13 (trixie); system=x86_64, linux-gnu; ui=X11; language=(EN); collate=en_US.UTF-8; ctype=en_US.UTF-8; tz=Asia/Seoul; date=2026-06-25; pandoc=3.1.11.1 @ /usr/bin/ (via rmarkdown); quarto=NA]
[2026-06-25 10:54:22] [INFO]    [OmnipathR] External libraries: [cairo=1.18.4; cairoFT=; pango=1.56.3; png=1.6.48; jpeg=6.2; tiff=LIBTIFF, Version 4.7.0; tcl=8.6.16; curl=8.14.1; zlib=1.3.1; bzlib=1.0.8, 13-Jul-2019; xz=5.8.1; deflate=1.23; PCRE=10.46 2025-08-27; ICU=76.1; TRE=TRE 0.8.0 R_fixes (BSD); iconv=glibc 2.41; readline=8.2; BLAS=/usr/lib/x86_64-linux-gnu/openblas-pthread/libblas.so.3; lapack=/usr/lib/x86_64-linux-gnu/openblas-pthread/libopenblasp-r0.3.29.so; lapack_version=3.12.0]
[2026-06-25 10:54:22] [INFO]    [OmnipathR] Loaded packages: abind 1.4-8(2024-09-12); backports 1.5.1(2026-04-03); BiocManager 1.30.27(2025-11-14); BiocParallel 1.44.0(2025-10-29); bit 4.6.0(2025-03-06); bit64 4.8.0(2026-04-21); blob 1.3.0(2026-01-14); cachem 1.1.0(2024-05-16); cellranger 1.1.0(2016-07-27); checkmate 2.3.4(2026-02-03); cli 3.6.6(2026-04-09); cluster 2.1.8.2(2026-02-05); codetools 0.2-20(2024-03-31); cowplot 1.2.0(2025-07-07); crayon 1.5.3(2024-06-20); curl 7.1.0(2026-04-22); data.table 1.18.4(2026-05-06); DBI 1.3.0(2026-02-25); decoupleR 2.16.0(2025-10-29); deldir 2.0-4(2024-02-28); digest 0.6.39(2025-11-19); dotCall64 1.2(2024-10-04); dplyr 1.2.1(2026-04-03); evaluate 1.0.5(2025-08-27); farver 2.1.2(2024-05-13); fastDummies 1.7.6(2026-04-22); fastmap 1.2.0(2024-05-15); fitdistrplus 1.2-6(2026-01-24); fs 2.1.0(2026-04-18); future 1.70.0(2026-03-14); future.apply 1.20.2(2026-02-20); generics 0.1.4(2025-05-09); ggplot2 4.0.3(2026-04-22); ggrepel 0.9.8(2026-03-17); ggridges 0.5.7(2025-08-27); globals 0.19.1(2026-03-13); glue 1.8.1(2026-04-17); goftest 1.2-3(2021-10-07); gridExtra 2.3(2017-09-09); gtable 0.3.6(2024-10-25); hms 1.1.4(2025-10-17); htmltools 0.5.9(2025-12-04); htmlwidgets 1.6.4(2023-12-06); httpuv 1.6.17(2026-03-18); httr 1.4.8(2026-02-13); httr2 1.2.2(2025-12-08); ica 1.0-3(2022-07-08); igraph 2.3.1(2026-05-04); irlba 2.3.7(2026-01-30); jsonlite 2.0.0(2025-03-27); KernSmooth 2.23-26(2025-01-01); knitr 1.51(2025-12-20); later 1.4.8(2026-03-05); lattice 0.22-9(2026-02-09); lazyeval 0.2.3(2026-04-04); lifecycle 1.0.5(2026-01-08); listenv 0.10.1(2026-03-10); lmtest 0.9-40(2022-03-21); logger 0.4.2(2026-05-10); lubridate 1.9.5(2026-02-04); magrittr 2.0.5(2026-04-04); MASS 7.3-65(2025-02-28); Matrix 1.7-3(2025-03-11); matrixStats 1.5.0(2025-01-07); memoise 2.0.1(2021-11-26); mime 0.13(2025-03-17); miniUI 0.1.2(2025-04-17); nlme 3.1-168(2025-03-31); OmnipathR 3.18.4(2026-01-29); otel 0.2.0(2025-08-29); parallelly 1.47.0(2026-04-17); patchwork 1.3.2(2025-08-25); pbapply 1.7-4(2025-07-20); pheatmap 1.0.13(2025-06-05); pillar 1.11.1(2025-09-17); pkgconfig 2.0.3(2019-09-22); plotly 4.12.0(2026-01-24); plyr 1.8.9(2023-10-02); png 0.1-9(2026-03-15); polyclip 1.10-7(2024-07-23); prettyunits 1.2.0(2023-09-24); progress 1.2.3(2023-12-06); progressr 0.19.0(2026-03-31); promises 1.5.0(2025-11-01); purrr 1.2.2(2026-04-10); R.methodsS3 1.8.2(2022-06-13); R.oo 1.27.1(2025-05-02); R.utils 2.13.0(2025-02-24); R6 2.6.1(2025-02-15); RANN 2.6.2(2024-08-25); rappdirs 0.3.4(2026-01-17); RColorBrewer 1.1-3(2022-04-03); Rcpp 1.1.1-1.1(2026-04-24); RcppAnnoy 0.0.23(2026-01-12); RcppHNSW 0.6.0(2024-02-04); readr 2.2.0(2026-02-19); readxl 1.4.5(2025-03-07); renv 1.2.2(2026-04-16); reshape2 1.4.5(2025-11-12); reticulate 1.46.0(2026-04-09); rlang 1.2.0(2026-04-06); rmarkdown 2.31(2026-03-26); ROCR 1.0-12(2026-01-23); RSpectra 0.16-2(2024-07-18); RSQLite 3.52.0(2026-05-10); Rtsne 0.17(2023-12-07); rvest 1.0.5(2025-08-29); S7 0.2.2(2026-04-22); scales 1.4.0(2025-04-24); scattermore 1.2(2023-06-12); sctransform 0.4.3(2026-01-10); sessioninfo 1.2.3(2025-02-05); Seurat 5.5.0(2026-04-22); SeuratObject 5.4.0(2026-04-11); shiny 1.13.0(2026-02-20); sp 2.2-1(2026-02-13); spam 2.11-3(2026-01-08); spatstat.data 3.1-9(2025-10-18); spatstat.explore 3.8-0(2026-03-22); spatstat.geom 3.7-3(2026-03-23); spatstat.random 3.4-5(2026-03-22); spatstat.sparse 3.1-0(2024-06-21); spatstat.univar 3.1-7(2026-03-18); spatstat.utils 3.2-3(2026-05-10); stringi 1.8.7(2025-03-27); stringr 1.6.0(2025-11-04); survival 3.8-3(2024-12-17); tensor 1.5.1(2025-06-17); tibble 3.3.1(2026-01-11); tidyr 1.3.2(2025-12-19); tidyselect 1.2.1(2024-03-11); timechange 0.4.0(2026-01-29); tzdb 0.5.0(2025-03-15); uwot 0.2.4(2025-11-10); vctrs 0.7.3(2026-04-11); viridisLite 0.4.3(2026-02-04); withr 3.0.2(2024-10-28); xfun 0.57(2026-03-20); XML 3.99-0.23(2026-03-20); xml2 1.5.2(2026-01-17); xtable 1.8-8(2026-02-22); yaml 2.3.12(2025-12-10); zip 2.3.3(2025-05-13); zoo 1.8-15(2025-12-15)
[2026-06-25 10:54:22] [INFO]    [OmnipathR] CURL: version: 8.14.1; headers: 8.14.1; ssl_version: OpenSSL/3.5.6; libz_version: 1.3.1; libssh_version: libssh2/1.11.1; libidn_version: 2.3.8; host: x86_64-pc-linux-gnu; protocols: dict, file, ftp, ftps, gopher, gophers, http, https, imap, imaps, ldap, ldaps, mqtt, pop3, pop3s, rtmp, rtmpe, rtmps, rtmpt, rtmpte, rtmpts, rtsp, scp, sftp, smb, smbs, smtp, smtps, telnet, tftp, ws, wss; ipv6: TRUE; http2: TRUE; idn: TRUE; url_parser: TRUE
[2026-06-25 10:54:22] [TRACE]   [OmnipathR] Reading JSON from `/home/MMB/.cache/R/renv/cache/v5/linux-debian-trixie/R-4.5/x86_64-pc-linux-gnu/OmnipathR/3.18.4/4354928b9284e0bc13b67e4d513fba9a/OmnipathR/db/db_def.json` (encoding: UTF-8).
[2026-06-25 10:54:22] [TRACE]   [OmnipathR] JSON validation successful: TRUE
[2026-06-25 10:54:23] [TRACE]   [OmnipathR] Reading JSON from `/home/MMB/.cache/R/renv/cache/v5/linux-debian-trixie/R-4.5/x86_64-pc-linux-gnu/OmnipathR/3.18.4/4354928b9284e0bc13b67e4d513fba9a/OmnipathR/internal/magic_bytes.json` (encoding: UTF-8).
[2026-06-25 10:54:23] [TRACE]   [OmnipathR] JSON validation successful: TRUE
[2026-06-25 10:54:23] [TRACE]   [OmnipathR] Reading JSON from `/home/MMB/.cache/R/renv/cache/v5/linux-debian-trixie/R-4.5/x86_64-pc-linux-gnu/OmnipathR/3.18.4/4354928b9284e0bc13b67e4d513fba9a/OmnipathR/internal/urls.json` (encoding: UTF-8).
[2026-06-25 10:54:23] [TRACE]   [OmnipathR] JSON validation successful: TRUE
[2026-06-25 10:54:23] [TRACE]   [OmnipathR] Reading JSON from `/home/MMB/.cache/R/renv/cache/v5/linux-debian-trixie/R-4.5/x86_64-pc-linux-gnu/OmnipathR/3.18.4/4354928b9284e0bc13b67e4d513fba9a/OmnipathR/internal/id_types.json` (encoding: UTF-8).
[2026-06-25 10:54:23] [TRACE]   [OmnipathR] JSON validation successful: TRUE
[2026-06-25 10:54:23] [TRACE]   [OmnipathR] Reading JSON from `https://omnipathdb.org/resources` (encoding: UTF-8).
[2026-06-25 10:54:25] [TRACE]   [OmnipathR] JSON validation successful: TRUE
[2026-06-25 10:54:25] [INFO]    [OmnipathR] Loading database `Ensembl and OMA organism names`.
[2026-06-25 10:54:25] [INFO]    [OmnipathR] Looking up in cache `https://www.ensembl.org/info/about/species.html`: key=7332486db7400730697234bad76ca0c8e4d00799, latest version=1.
[2026-06-25 10:54:25] [TRACE]   [OmnipathR] Cache file path: /home/MMB/.cache/OmnipathR/7332486db7400730697234bad76ca0c8e4d00799-1.html
[2026-06-25 10:54:25] [TRACE]   [OmnipathR] Downloading by `generic_downloader`.
[2026-06-25 10:54:25] [TRACE]   [OmnipathR] Looking up in cache: `https://omabrowser.org/All/oma-species.txt`.
[2026-06-25 10:54:25] [TRACE]   [OmnipathR] Loaded data from RDS `/home/MMB/.cache/OmnipathR/30e690cbb55dfc63b5903ab337f34ffc2f4be397-1.rds`.
[2026-06-25 10:54:25] [TRACE]   [OmnipathR] Downloading by `generic_downloader`.
[2026-06-25 10:54:25] [TRACE]   [OmnipathR] Looking up in cache: `https://ftp.expasy.org/databases/uniprot/current_release/knowledgebase/complete/docs/speclist.txt`.
[2026-06-25 10:54:25] [TRACE]   [OmnipathR] Loaded data from RDS `/home/MMB/.cache/OmnipathR/56ad6544dc07a2222fa6013d8d83e6e5a35fdf33-1.rds`.
[2026-06-25 10:54:26] [INFO]    [OmnipathR] Loaded database `Ensembl and OMA organism names`.
[2026-06-25 10:54:26] [TRACE]   [OmnipathR] Processing args for OmniPath query
[2026-06-25 10:54:26] [TRACE]   [OmnipathR] Arguments for OmniPath query: [wide=TRUE,resources=PROGENy,query_type=annotations]
[2026-06-25 10:54:26] [TRACE]   [OmnipathR] Organism(s): 9606
[2026-06-25 10:54:26] [TRACE]   [OmnipathR] Orthology targets: 
[2026-06-25 10:54:26] [TRACE]   [OmnipathR] Reading JSON from `https://omnipathdb.org/resources` (encoding: UTF-8).
[2026-06-25 10:54:27] [TRACE]   [OmnipathR] JSON validation successful: TRUE
[2026-06-25 10:54:27] [TRACE]   [OmnipathR] Looking up in cache: `https://omnipathdb.org/annotations?resources=PROGENy&license=academic`
[2026-06-25 10:54:28] [TRACE]   [OmnipathR] Loaded data from RDS `/home/MMB/.cache/OmnipathR/3492392585ba05414edfae46801492076437d7e7-1.rds`.
[2026-06-25 10:54:28] [INFO]    [OmnipathR] Loaded from cache: `https://omnipathdb.org/annotations?resources=PROGENy&license=academic`
[2026-06-25 10:54:28] [SUCCESS] [OmnipathR] Loaded 699831 annotation records from cache.
